{"/home/5alidz/dev/projects/active/nano_spa/default.404.js": {"path":"/home/5alidz/dev/projects/active/nano_spa/default.404.js","statementMap":{"0":{"start":{"line":3,"column":21},"end":{"line":3,"column":69}}},"fnMap":{"0":{"name":"(anonymous_0)","decl":{"start":{"line":3,"column":15},"end":{"line":3,"column":16}},"loc":{"start":{"line":3,"column":21},"end":{"line":3,"column":69}},"line":3}},"branchMap":{},"s":{"0":1},"f":{"0":1},"b":{},"_coverageSchema":"43e27e138ebf9cfc5966b082cf9a028302ed4184","hash":"217fe486a7ad16487389b466d515760a218dd5a3"}
,"/home/5alidz/dev/projects/active/nano_spa/default.spinner.js": {"path":"/home/5alidz/dev/projects/active/nano_spa/default.spinner.js","statementMap":{"0":{"start":{"line":3,"column":21},"end":{"line":3,"column":39}}},"fnMap":{"0":{"name":"(anonymous_0)","decl":{"start":{"line":3,"column":15},"end":{"line":3,"column":16}},"loc":{"start":{"line":3,"column":21},"end":{"line":3,"column":39}},"line":3}},"branchMap":{},"s":{"0":1},"f":{"0":1},"b":{},"_coverageSchema":"43e27e138ebf9cfc5966b082cf9a028302ed4184","hash":"547d849071d9146a59d02db22d61a89b8a4b1650"}
,"/home/5alidz/dev/projects/active/nano_spa/handlers.Box.js": {"path":"/home/5alidz/dev/projects/active/nano_spa/handlers.Box.js","statementMap":{"0":{"start":{"line":4,"column":18},"end":{"line":4,"column":26}},"1":{"start":{"line":5,"column":2},"end":{"line":10,"column":3}},"2":{"start":{"line":6,"column":4},"end":{"line":6,"column":22}},"3":{"start":{"line":8,"column":4},"end":{"line":8,"column":33}},"4":{"start":{"line":9,"column":4},"end":{"line":9,"column":27}},"5":{"start":{"line":11,"column":18},"end":{"line":17,"column":3}},"6":{"start":{"line":12,"column":4},"end":{"line":16,"column":5}},"7":{"start":{"line":13,"column":6},"end":{"line":13,"column":25}},"8":{"start":{"line":15,"column":6},"end":{"line":15,"column":78}},"9":{"start":{"line":18,"column":29},"end":{"line":18,"column":73}},"10":{"start":{"line":19,"column":2},"end":{"line":19,"column":63}},"11":{"start":{"line":19,"column":24},"end":{"line":19,"column":62}},"12":{"start":{"line":20,"column":2},"end":{"line":20,"column":77}},"13":{"start":{"line":20,"column":26},"end":{"line":20,"column":76}},"14":{"start":{"line":21,"column":2},"end":{"line":21,"column":22}}},"fnMap":{"0":{"name":"(anonymous_0)","decl":{"start":{"line":3,"column":15},"end":{"line":3,"column":16}},"loc":{"start":{"line":3,"column":26},"end":{"line":22,"column":1}},"line":3},"1":{"name":"(anonymous_1)","decl":{"start":{"line":11,"column":18},"end":{"line":11,"column":19}},"loc":{"start":{"line":11,"column":50},"end":{"line":17,"column":3}},"line":11}},"branchMap":{"0":{"loc":{"start":{"line":5,"column":2},"end":{"line":10,"column":3}},"type":"if","locations":[{"start":{"line":5,"column":2},"end":{"line":10,"column":3}},{"start":{"line":5,"column":2},"end":{"line":10,"column":3}}],"line":5},"1":{"loc":{"start":{"line":12,"column":4},"end":{"line":16,"column":5}},"type":"if","locations":[{"start":{"line":12,"column":4},"end":{"line":16,"column":5}},{"start":{"line":12,"column":4},"end":{"line":16,"column":5}}],"line":12},"2":{"loc":{"start":{"line":19,"column":2},"end":{"line":19,"column":63}},"type":"if","locations":[{"start":{"line":19,"column":2},"end":{"line":19,"column":63}},{"start":{"line":19,"column":2},"end":{"line":19,"column":63}}],"line":19},"3":{"loc":{"start":{"line":19,"column":37},"end":{"line":19,"column":62}},"type":"binary-expr","locations":[{"start":{"line":19,"column":37},"end":{"line":19,"column":53}},{"start":{"line":19,"column":57},"end":{"line":19,"column":62}}],"line":19},"4":{"loc":{"start":{"line":20,"column":2},"end":{"line":20,"column":77}},"type":"if","locations":[{"start":{"line":20,"column":2},"end":{"line":20,"column":77}},{"start":{"line":20,"column":2},"end":{"line":20,"column":77}}],"line":20}},"s":{"0":5,"1":5,"2":2,"3":3,"4":3,"5":5,"6":6,"7":0,"8":6,"9":5,"10":5,"11":0,"12":5,"13":3,"14":5},"f":{"0":5,"1":6},"b":{"0":[2,3],"1":[0,6],"2":[0,5],"3":[0,0],"4":[3,2]},"_coverageSchema":"43e27e138ebf9cfc5966b082cf9a028302ed4184","hash":"63994f3193d14885a37f552d2f5c40411448f5d7"}
,"/home/5alidz/dev/projects/active/nano_spa/internal.global.js": {"path":"/home/5alidz/dev/projects/active/nano_spa/internal.global.js","statementMap":{},"fnMap":{"0":{"name":"noop","decl":{"start":{"line":1,"column":9},"end":{"line":1,"column":13}},"loc":{"start":{"line":1,"column":16},"end":{"line":1,"column":18}},"line":1}},"branchMap":{},"s":{},"f":{"0":0},"b":{},"_coverageSchema":"43e27e138ebf9cfc5966b082cf9a028302ed4184","hash":"4e5f95d26bcde92d24df214cd97a8489d4227c6e"}
,"/home/5alidz/dev/projects/active/nano_spa/lib.htm.min.js": {"path":"/home/5alidz/dev/projects/active/nano_spa/lib.htm.min.js","statementMap":{"0":{"start":{"line":1,"column":8},"end":{"line":1,"column":243}},"1":{"start":{"line":1,"column":26},"end":{"line":1,"column":234}},"2":{"start":{"line":1,"column":36},"end":{"line":1,"column":37}},"3":{"start":{"line":1,"column":60},"end":{"line":1,"column":66}},"4":{"start":{"line":1,"column":69},"end":{"line":1,"column":94}},"5":{"start":{"line":1,"column":95},"end":{"line":1,"column":233}},"6":{"start":{"line":1,"column":234},"end":{"line":1,"column":242}},"7":{"start":{"line":1,"column":246},"end":{"line":1,"column":831}},"8":{"start":{"line":1,"column":258},"end":{"line":1,"column":818}},"9":{"start":{"line":1,"column":272},"end":{"line":1,"column":273}},"10":{"start":{"line":1,"column":276},"end":{"line":1,"column":278}},"11":{"start":{"line":1,"column":281},"end":{"line":1,"column":283}},"12":{"start":{"line":1,"column":286},"end":{"line":1,"column":289}},"13":{"start":{"line":1,"column":292},"end":{"line":1,"column":506}},"14":{"start":{"line":1,"column":304},"end":{"line":1,"column":505}},"15":{"start":{"line":1,"column":509},"end":{"line":1,"column":510}},"16":{"start":{"line":1,"column":527},"end":{"line":1,"column":548}},"17":{"start":{"line":1,"column":548},"end":{"line":1,"column":817}},"18":{"start":{"line":1,"column":558},"end":{"line":1,"column":559}},"19":{"start":{"line":1,"column":578},"end":{"line":1,"column":817}},"20":{"start":{"line":1,"column":818},"end":{"line":1,"column":830}},"21":{"start":{"line":1,"column":834},"end":{"line":1,"column":856}},"22":{"start":{"line":1,"column":859},"end":{"line":1,"column":871}},"23":{"start":{"line":1,"column":874},"end":{"line":1,"column":1025}},"24":{"start":{"line":1,"column":894},"end":{"line":1,"column":902}},"25":{"start":{"line":1,"column":903},"end":{"line":1,"column":930}},"26":{"start":{"line":1,"column":944},"end":{"line":1,"column":1000}},"27":{"start":{"line":1,"column":954},"end":{"line":1,"column":956}},"28":{"start":{"line":1,"column":959},"end":{"line":1,"column":960}},"29":{"start":{"line":1,"column":976},"end":{"line":1,"column":1000}},"30":{"start":{"line":1,"column":1000},"end":{"line":1,"column":1024}},"31":{"start":{"line":1,"column":1059},"end":{"line":1,"column":1084}},"32":{"start":{"line":1,"column":1085},"end":{"line":1,"column":1109}}},"fnMap":{"0":{"name":"(anonymous_0)","decl":{"start":{"line":1,"column":8},"end":{"line":1,"column":9}},"loc":{"start":{"line":1,"column":25},"end":{"line":1,"column":243}},"line":1},"1":{"name":"(anonymous_1)","decl":{"start":{"line":1,"column":246},"end":{"line":1,"column":247}},"loc":{"start":{"line":1,"column":257},"end":{"line":1,"column":831}},"line":1},"2":{"name":"(anonymous_2)","decl":{"start":{"line":1,"column":292},"end":{"line":1,"column":293}},"loc":{"start":{"line":1,"column":303},"end":{"line":1,"column":506}},"line":1},"3":{"name":"(anonymous_3)","decl":{"start":{"line":1,"column":876},"end":{"line":1,"column":877}},"loc":{"start":{"line":1,"column":887},"end":{"line":1,"column":931}},"line":1},"4":{"name":"(anonymous_4)","decl":{"start":{"line":1,"column":932},"end":{"line":1,"column":933}},"loc":{"start":{"line":1,"column":943},"end":{"line":1,"column":1025}},"line":1},"5":{"name":"(anonymous_5)","decl":{"start":{"line":1,"column":1041},"end":{"line":1,"column":1042}},"loc":{"start":{"line":1,"column":1052},"end":{"line":1,"column":1110}},"line":1}},"branchMap":{"0":{"loc":{"start":{"line":1,"column":69},"end":{"line":1,"column":94}},"type":"cond-expr","locations":[{"start":{"line":1,"column":88},"end":{"line":1,"column":92}},{"start":{"line":1,"column":93},"end":{"line":1,"column":94}}],"line":1},"1":{"loc":{"start":{"line":1,"column":95},"end":{"line":1,"column":233}},"type":"cond-expr","locations":[{"start":{"line":1,"column":104},"end":{"line":1,"column":110}},{"start":{"line":1,"column":111},"end":{"line":1,"column":233}}],"line":1},"2":{"loc":{"start":{"line":1,"column":111},"end":{"line":1,"column":233}},"type":"cond-expr","locations":[{"start":{"line":1,"column":120},"end":{"line":1,"column":145}},{"start":{"line":1,"column":146},"end":{"line":1,"column":233}}],"line":1},"3":{"loc":{"start":{"line":1,"column":126},"end":{"line":1,"column":134}},"type":"binary-expr","locations":[{"start":{"line":1,"column":126},"end":{"line":1,"column":130}},{"start":{"line":1,"column":132},"end":{"line":1,"column":134}}],"line":1},"4":{"loc":{"start":{"line":1,"column":146},"end":{"line":1,"column":233}},"type":"cond-expr","locations":[{"start":{"line":1,"column":155},"end":{"line":1,"column":185}},{"start":{"line":1,"column":186},"end":{"line":1,"column":233}}],"line":1},"5":{"loc":{"start":{"line":1,"column":174},"end":{"line":1,"column":182}},"type":"binary-expr","locations":[{"start":{"line":1,"column":174},"end":{"line":1,"column":178}},{"start":{"line":1,"column":180},"end":{"line":1,"column":182}}],"line":1},"6":{"loc":{"start":{"line":1,"column":193},"end":{"line":1,"column":232}},"type":"cond-expr","locations":[{"start":{"line":1,"column":198},"end":{"line":1,"column":230}},{"start":{"line":1,"column":231},"end":{"line":1,"column":232}}],"line":1},"7":{"loc":{"start":{"line":1,"column":304},"end":{"line":1,"column":500}},"type":"cond-expr","locations":[{"start":{"line":1,"column":357},"end":{"line":1,"column":371}},{"start":{"line":1,"column":372},"end":{"line":1,"column":500}}],"line":1},"8":{"loc":{"start":{"line":1,"column":304},"end":{"line":1,"column":356}},"type":"binary-expr","locations":[{"start":{"line":1,"column":304},"end":{"line":1,"column":309}},{"start":{"line":1,"column":312},"end":{"line":1,"column":313}},{"start":{"line":1,"column":316},"end":{"line":1,"column":354}}],"line":1},"9":{"loc":{"start":{"line":1,"column":364},"end":{"line":1,"column":368}},"type":"binary-expr","locations":[{"start":{"line":1,"column":364},"end":{"line":1,"column":365}},{"start":{"line":1,"column":367},"end":{"line":1,"column":368}}],"line":1},"10":{"loc":{"start":{"line":1,"column":372},"end":{"line":1,"column":500}},"type":"cond-expr","locations":[{"start":{"line":1,"column":387},"end":{"line":1,"column":405}},{"start":{"line":1,"column":407},"end":{"line":1,"column":500}}],"line":1},"11":{"loc":{"start":{"line":1,"column":372},"end":{"line":1,"column":385}},"type":"binary-expr","locations":[{"start":{"line":1,"column":372},"end":{"line":1,"column":377}},{"start":{"line":1,"column":380},"end":{"line":1,"column":381}},{"start":{"line":1,"column":383},"end":{"line":1,"column":384}}],"line":1},"12":{"loc":{"start":{"line":1,"column":394},"end":{"line":1,"column":398}},"type":"binary-expr","locations":[{"start":{"line":1,"column":394},"end":{"line":1,"column":395}},{"start":{"line":1,"column":397},"end":{"line":1,"column":398}}],"line":1},"13":{"loc":{"start":{"line":1,"column":407},"end":{"line":1,"column":500}},"type":"cond-expr","locations":[{"start":{"line":1,"column":427},"end":{"line":1,"column":438}},{"start":{"line":1,"column":439},"end":{"line":1,"column":500}}],"line":1},"14":{"loc":{"start":{"line":1,"column":407},"end":{"line":1,"column":426}},"type":"binary-expr","locations":[{"start":{"line":1,"column":407},"end":{"line":1,"column":412}},{"start":{"line":1,"column":414},"end":{"line":1,"column":423}},{"start":{"line":1,"column":425},"end":{"line":1,"column":426}}],"line":1},"15":{"loc":{"start":{"line":1,"column":439},"end":{"line":1,"column":500}},"type":"cond-expr","locations":[{"start":{"line":1,"column":452},"end":{"line":1,"column":466}},{"start":{"line":1,"column":467},"end":{"line":1,"column":500}}],"line":1},"16":{"loc":{"start":{"line":1,"column":439},"end":{"line":1,"column":451}},"type":"binary-expr","locations":[{"start":{"line":1,"column":439},"end":{"line":1,"column":444}},{"start":{"line":1,"column":446},"end":{"line":1,"column":447}},{"start":{"line":1,"column":449},"end":{"line":1,"column":451}}],"line":1},"17":{"loc":{"start":{"line":1,"column":467},"end":{"line":1,"column":500}},"type":"binary-expr","locations":[{"start":{"line":1,"column":467},"end":{"line":1,"column":472}},{"start":{"line":1,"column":474},"end":{"line":1,"column":475}},{"start":{"line":1,"column":478},"end":{"line":1,"column":499}}],"line":1},"18":{"loc":{"start":{"line":1,"column":485},"end":{"line":1,"column":489}},"type":"binary-expr","locations":[{"start":{"line":1,"column":485},"end":{"line":1,"column":486}},{"start":{"line":1,"column":488},"end":{"line":1,"column":489}}],"line":1},"19":{"loc":{"start":{"line":1,"column":527},"end":{"line":1,"column":547}},"type":"binary-expr","locations":[{"start":{"line":1,"column":527},"end":{"line":1,"column":528}},{"start":{"line":1,"column":531},"end":{"line":1,"column":546}}],"line":1},"20":{"loc":{"start":{"line":1,"column":531},"end":{"line":1,"column":541}},"type":"binary-expr","locations":[{"start":{"line":1,"column":531},"end":{"line":1,"column":536}},{"start":{"line":1,"column":538},"end":{"line":1,"column":541}}],"line":1},"21":{"loc":{"start":{"line":1,"column":588},"end":{"line":1,"column":817}},"type":"cond-expr","locations":[{"start":{"line":1,"column":594},"end":{"line":1,"column":622}},{"start":{"line":1,"column":623},"end":{"line":1,"column":817}}],"line":1},"22":{"loc":{"start":{"line":1,"column":594},"end":{"line":1,"column":622}},"type":"cond-expr","locations":[{"start":{"line":1,"column":603},"end":{"line":1,"column":616}},{"start":{"line":1,"column":618},"end":{"line":1,"column":622}}],"line":1},"23":{"loc":{"start":{"line":1,"column":623},"end":{"line":1,"column":817}},"type":"cond-expr","locations":[{"start":{"line":1,"column":625},"end":{"line":1,"column":640}},{"start":{"line":1,"column":641},"end":{"line":1,"column":817}}],"line":1},"24":{"loc":{"start":{"line":1,"column":625},"end":{"line":1,"column":640}},"type":"cond-expr","locations":[{"start":{"line":1,"column":631},"end":{"line":1,"column":635}},{"start":{"line":1,"column":636},"end":{"line":1,"column":640}}],"line":1},"25":{"loc":{"start":{"line":1,"column":641},"end":{"line":1,"column":817}},"type":"cond-expr","locations":[{"start":{"line":1,"column":658},"end":{"line":1,"column":661}},{"start":{"line":1,"column":662},"end":{"line":1,"column":817}}],"line":1},"26":{"loc":{"start":{"line":1,"column":641},"end":{"line":1,"column":657}},"type":"binary-expr","locations":[{"start":{"line":1,"column":641},"end":{"line":1,"column":648}},{"start":{"line":1,"column":650},"end":{"line":1,"column":657}}],"line":1},"27":{"loc":{"start":{"line":1,"column":662},"end":{"line":1,"column":817}},"type":"cond-expr","locations":[{"start":{"line":1,"column":671},"end":{"line":1,"column":678}},{"start":{"line":1,"column":680},"end":{"line":1,"column":817}}],"line":1},"28":{"loc":{"start":{"line":1,"column":680},"end":{"line":1,"column":817}},"type":"binary-expr","locations":[{"start":{"line":1,"column":680},"end":{"line":1,"column":681}},{"start":{"line":1,"column":684},"end":{"line":1,"column":816}}],"line":1},"29":{"loc":{"start":{"line":1,"column":684},"end":{"line":1,"column":816}},"type":"cond-expr","locations":[{"start":{"line":1,"column":693},"end":{"line":1,"column":705}},{"start":{"line":1,"column":707},"end":{"line":1,"column":816}}],"line":1},"30":{"loc":{"start":{"line":1,"column":707},"end":{"line":1,"column":816}},"type":"cond-expr","locations":[{"start":{"line":1,"column":716},"end":{"line":1,"column":762}},{"start":{"line":1,"column":764},"end":{"line":1,"column":816}}],"line":1},"31":{"loc":{"start":{"line":1,"column":720},"end":{"line":1,"column":735}},"type":"binary-expr","locations":[{"start":{"line":1,"column":720},"end":{"line":1,"column":725}},{"start":{"line":1,"column":728},"end":{"line":1,"column":734}}],"line":1},"32":{"loc":{"start":{"line":1,"column":764},"end":{"line":1,"column":816}},"type":"cond-expr","locations":[{"start":{"line":1,"column":803},"end":{"line":1,"column":810}},{"start":{"line":1,"column":812},"end":{"line":1,"column":816}}],"line":1},"33":{"loc":{"start":{"line":1,"column":764},"end":{"line":1,"column":801}},"type":"binary-expr","locations":[{"start":{"line":1,"column":764},"end":{"line":1,"column":771}},{"start":{"line":1,"column":773},"end":{"line":1,"column":781}},{"start":{"line":1,"column":783},"end":{"line":1,"column":791}},{"start":{"line":1,"column":793},"end":{"line":1,"column":801}}],"line":1},"34":{"loc":{"start":{"line":1,"column":859},"end":{"line":1,"column":871}},"type":"cond-expr","locations":[{"start":{"line":1,"column":861},"end":{"line":1,"column":868}},{"start":{"line":1,"column":869},"end":{"line":1,"column":871}}],"line":1},"35":{"loc":{"start":{"line":1,"column":874},"end":{"line":1,"column":1025}},"type":"cond-expr","locations":[{"start":{"line":1,"column":876},"end":{"line":1,"column":931}},{"start":{"line":1,"column":932},"end":{"line":1,"column":1025}}],"line":1},"36":{"loc":{"start":{"line":1,"column":910},"end":{"line":1,"column":928}},"type":"binary-expr","locations":[{"start":{"line":1,"column":910},"end":{"line":1,"column":911}},{"start":{"line":1,"column":913},"end":{"line":1,"column":928}}],"line":1},"37":{"loc":{"start":{"line":1,"column":1007},"end":{"line":1,"column":1024}},"type":"binary-expr","locations":[{"start":{"line":1,"column":1007},"end":{"line":1,"column":1011}},{"start":{"line":1,"column":1014},"end":{"line":1,"column":1023}}],"line":1},"38":{"loc":{"start":{"line":1,"column":1092},"end":{"line":1,"column":1109}},"type":"cond-expr","locations":[{"start":{"line":1,"column":1103},"end":{"line":1,"column":1104}},{"start":{"line":1,"column":1105},"end":{"line":1,"column":1109}}],"line":1}},"s":{"0":2,"1":4,"2":4,"3":7,"4":7,"5":7,"6":4,"7":2,"8":2,"9":2,"10":2,"11":2,"12":2,"13":2,"14":13,"15":2,"16":2,"17":2,"18":2,"19":50,"20":2,"21":2,"22":2,"23":2,"24":2,"25":2,"26":0,"27":0,"28":0,"29":0,"30":0,"31":2,"32":2},"f":{"0":4,"1":2,"2":13,"3":2,"4":0,"5":2},"b":{"0":[0,7],"1":[2,5],"2":[1,4],"3":[1,1],"4":[0,4],"5":[0,0],"6":[2,2],"7":[2,11],"8":[13,6,6],"9":[2,2],"10":[2,9],"11":[11,4,4],"12":[2,2],"13":[0,9],"14":[9,0,0],"15":[0,9],"16":[9,0,0],"17":[9,1,1],"18":[1,1],"19":[2,0],"20":[0,0],"21":[10,40],"22":[4,6],"23":[20,20],"24":[1,19],"25":[1,19],"26":[20,20],"27":[4,15],"28":[15,12],"29":[1,11],"30":[2,9],"31":[2,2],"32":[1,8],"33":[9,8,8,8],"34":[2,0],"35":[2,0],"36":[2,2],"37":[0,0],"38":[0,2]},"_coverageSchema":"43e27e138ebf9cfc5966b082cf9a028302ed4184","hash":"db85df1411957a30aa85fa7ac8c421d3f82c34ea"}
,"/home/5alidz/dev/projects/active/nano_spa/render.js": {"path":"/home/5alidz/dev/projects/active/nano_spa/render.js","statementMap":{"0":{"start":{"line":3,"column":21},"end":{"line":3,"column":74}},"1":{"start":{"line":3,"column":26},"end":{"line":3,"column":74}},"2":{"start":{"line":3,"column":56},"end":{"line":3,"column":64}},"3":{"start":{"line":6,"column":15},"end":{"line":6,"column":38}},"4":{"start":{"line":7,"column":2},"end":{"line":7,"column":31}},"5":{"start":{"line":8,"column":2},"end":{"line":8,"column":38}},"6":{"start":{"line":10,"column":21},"end":{"line":10,"column":56}},"7":{"start":{"line":11,"column":22},"end":{"line":11,"column":76}},"8":{"start":{"line":12,"column":4},"end":{"line":20,"column":5}},"9":{"start":{"line":13,"column":6},"end":{"line":13,"column":21}},"10":{"start":{"line":15,"column":6},"end":{"line":19,"column":7}},"11":{"start":{"line":22,"column":2},"end":{"line":22,"column":72}},"12":{"start":{"line":22,"column":23},"end":{"line":22,"column":72}},"13":{"start":{"line":23,"column":2},"end":{"line":23,"column":72}}},"fnMap":{"0":{"name":"(anonymous_0)","decl":{"start":{"line":3,"column":21},"end":{"line":3,"column":22}},"loc":{"start":{"line":3,"column":26},"end":{"line":3,"column":74}},"line":3},"1":{"name":"(anonymous_1)","decl":{"start":{"line":3,"column":51},"end":{"line":3,"column":52}},"loc":{"start":{"line":3,"column":56},"end":{"line":3,"column":64}},"line":3},"2":{"name":"render","decl":{"start":{"line":5,"column":9},"end":{"line":5,"column":15}},"loc":{"start":{"line":5,"column":42},"end":{"line":24,"column":1}},"line":5},"3":{"name":"handle_custom_element","decl":{"start":{"line":9,"column":11},"end":{"line":9,"column":32}},"loc":{"start":{"line":9,"column":40},"end":{"line":21,"column":3}},"line":9}},"branchMap":{"0":{"loc":{"start":{"line":7,"column":15},"end":{"line":7,"column":31}},"type":"binary-expr","locations":[{"start":{"line":7,"column":15},"end":{"line":7,"column":25}},{"start":{"line":7,"column":29},"end":{"line":7,"column":31}}],"line":7},"1":{"loc":{"start":{"line":11,"column":22},"end":{"line":11,"column":76}},"type":"cond-expr","locations":[{"start":{"line":11,"column":55},"end":{"line":11,"column":65}},{"start":{"line":11,"column":68},"end":{"line":11,"column":76}}],"line":11},"2":{"loc":{"start":{"line":12,"column":4},"end":{"line":20,"column":5}},"type":"if","locations":[{"start":{"line":12,"column":4},"end":{"line":20,"column":5}},{"start":{"line":12,"column":4},"end":{"line":20,"column":5}}],"line":12},"3":{"loc":{"start":{"line":22,"column":2},"end":{"line":22,"column":72}},"type":"if","locations":[{"start":{"line":22,"column":2},"end":{"line":22,"column":72}},{"start":{"line":22,"column":2},"end":{"line":22,"column":72}}],"line":22},"4":{"loc":{"start":{"line":23,"column":9},"end":{"line":23,"column":72}},"type":"cond-expr","locations":[{"start":{"line":23,"column":38},"end":{"line":23,"column":65}},{"start":{"line":23,"column":68},"end":{"line":23,"column":72}}],"line":23}},"s":{"0":2,"1":1,"2":1,"3":2,"4":2,"5":2,"6":0,"7":0,"8":0,"9":0,"10":0,"11":2,"12":1,"13":2},"f":{"0":1,"1":1,"2":2,"3":0},"b":{"0":[2,1],"1":[0,0],"2":[0,0],"3":[1,1],"4":[0,2]},"_coverageSchema":"43e27e138ebf9cfc5966b082cf9a028302ed4184","hash":"8a83aca1e67ef44316cf844bb1a3439565cced18"}
,"/home/5alidz/dev/projects/active/nano_spa/to_dom.js": {"path":"/home/5alidz/dev/projects/active/nano_spa/to_dom.js","statementMap":{"0":{"start":{"line":3,"column":19},"end":{"line":7,"column":1}},"1":{"start":{"line":4,"column":14},"end":{"line":4,"column":43}},"2":{"start":{"line":5,"column":2},"end":{"line":5,"column":47}},"3":{"start":{"line":6,"column":2},"end":{"line":6,"column":12}},"4":{"start":{"line":9,"column":23},"end":{"line":15,"column":1}},"5":{"start":{"line":10,"column":32},"end":{"line":10,"column":36}},"6":{"start":{"line":11,"column":18},"end":{"line":11,"column":46}},"7":{"start":{"line":12,"column":2},"end":{"line":12,"column":41}},"8":{"start":{"line":13,"column":2},"end":{"line":13,"column":47}},"9":{"start":{"line":14,"column":2},"end":{"line":14,"column":16}},"10":{"start":{"line":18,"column":2},"end":{"line":18,"column":23}},"11":{"start":{"line":18,"column":15},"end":{"line":18,"column":21}},"12":{"start":{"line":19,"column":2},"end":{"line":25,"column":4}},"13":{"start":{"line":20,"column":4},"end":{"line":24,"column":5}},"14":{"start":{"line":21,"column":6},"end":{"line":21,"column":26}},"15":{"start":{"line":23,"column":6},"end":{"line":23,"column":38}},"16":{"start":{"line":29,"column":2},"end":{"line":29,"column":26}},"17":{"start":{"line":29,"column":18},"end":{"line":29,"column":24}},"18":{"start":{"line":30,"column":2},"end":{"line":44,"column":4}},"19":{"start":{"line":31,"column":4},"end":{"line":43,"column":21}},"20":{"start":{"line":32,"column":6},"end":{"line":32,"column":12}},"21":{"start":{"line":33,"column":11},"end":{"line":43,"column":21}},"22":{"start":{"line":34,"column":6},"end":{"line":34,"column":57}},"23":{"start":{"line":35,"column":11},"end":{"line":43,"column":21}},"24":{"start":{"line":36,"column":6},"end":{"line":36,"column":71}},"25":{"start":{"line":36,"column":25},"end":{"line":36,"column":69}},"26":{"start":{"line":37,"column":11},"end":{"line":43,"column":21}},"27":{"start":{"line":38,"column":6},"end":{"line":38,"column":55}},"28":{"start":{"line":39,"column":11},"end":{"line":43,"column":21}},"29":{"start":{"line":40,"column":6},"end":{"line":40,"column":56}},"30":{"start":{"line":41,"column":11},"end":{"line":43,"column":21}},"31":{"start":{"line":42,"column":6},"end":{"line":42,"column":69}},"32":{"start":{"line":43,"column":13},"end":{"line":43,"column":19}},"33":{"start":{"line":48,"column":19},"end":{"line":48,"column":48}},"34":{"start":{"line":49,"column":2},"end":{"line":65,"column":17}},"35":{"start":{"line":50,"column":4},"end":{"line":50,"column":10}},"36":{"start":{"line":51,"column":9},"end":{"line":65,"column":17}},"37":{"start":{"line":52,"column":4},"end":{"line":56,"column":5}},"38":{"start":{"line":53,"column":6},"end":{"line":53,"column":46}},"39":{"start":{"line":55,"column":6},"end":{"line":55,"column":33}},"40":{"start":{"line":57,"column":9},"end":{"line":65,"column":17}},"41":{"start":{"line":58,"column":4},"end":{"line":58,"column":45}},"42":{"start":{"line":58,"column":30},"end":{"line":58,"column":44}},"43":{"start":{"line":59,"column":9},"end":{"line":65,"column":17}},"44":{"start":{"line":60,"column":4},"end":{"line":60,"column":40}},"45":{"start":{"line":61,"column":9},"end":{"line":65,"column":17}},"46":{"start":{"line":62,"column":4},"end":{"line":62,"column":38}},"47":{"start":{"line":63,"column":9},"end":{"line":65,"column":17}},"48":{"start":{"line":64,"column":4},"end":{"line":64,"column":52}},"49":{"start":{"line":65,"column":10},"end":{"line":65,"column":16}}},"fnMap":{"0":{"name":"(anonymous_0)","decl":{"start":{"line":3,"column":19},"end":{"line":3,"column":20}},"loc":{"start":{"line":3,"column":28},"end":{"line":7,"column":1}},"line":3},"1":{"name":"(anonymous_1)","decl":{"start":{"line":9,"column":23},"end":{"line":9,"column":24}},"loc":{"start":{"line":9,"column":33},"end":{"line":15,"column":1}},"line":9},"2":{"name":"handle_props","decl":{"start":{"line":17,"column":9},"end":{"line":17,"column":21}},"loc":{"start":{"line":17,"column":38},"end":{"line":26,"column":1}},"line":17},"3":{"name":"(anonymous_3)","decl":{"start":{"line":19,"column":32},"end":{"line":19,"column":33}},"loc":{"start":{"line":19,"column":50},"end":{"line":25,"column":3}},"line":19},"4":{"name":"handle_children","decl":{"start":{"line":28,"column":9},"end":{"line":28,"column":24}},"loc":{"start":{"line":28,"column":44},"end":{"line":45,"column":1}},"line":28},"5":{"name":"(anonymous_5)","decl":{"start":{"line":30,"column":19},"end":{"line":30,"column":20}},"loc":{"start":{"line":30,"column":28},"end":{"line":44,"column":3}},"line":30},"6":{"name":"(anonymous_6)","decl":{"start":{"line":36,"column":16},"end":{"line":36,"column":17}},"loc":{"start":{"line":36,"column":24},"end":{"line":36,"column":70}},"line":36},"7":{"name":"to_dom","decl":{"start":{"line":47,"column":9},"end":{"line":47,"column":15}},"loc":{"start":{"line":47,"column":22},"end":{"line":66,"column":1}},"line":47},"8":{"name":"(anonymous_8)","decl":{"start":{"line":58,"column":20},"end":{"line":58,"column":21}},"loc":{"start":{"line":58,"column":30},"end":{"line":58,"column":44}},"line":58}},"branchMap":{"0":{"loc":{"start":{"line":18,"column":2},"end":{"line":18,"column":23}},"type":"if","locations":[{"start":{"line":18,"column":2},"end":{"line":18,"column":23}},{"start":{"line":18,"column":2},"end":{"line":18,"column":23}}],"line":18},"1":{"loc":{"start":{"line":20,"column":4},"end":{"line":24,"column":5}},"type":"if","locations":[{"start":{"line":20,"column":4},"end":{"line":24,"column":5}},{"start":{"line":20,"column":4},"end":{"line":24,"column":5}}],"line":20},"2":{"loc":{"start":{"line":20,"column":8},"end":{"line":20,"column":58}},"type":"binary-expr","locations":[{"start":{"line":20,"column":8},"end":{"line":20,"column":28}},{"start":{"line":20,"column":32},"end":{"line":20,"column":58}}],"line":20},"3":{"loc":{"start":{"line":29,"column":2},"end":{"line":29,"column":26}},"type":"if","locations":[{"start":{"line":29,"column":2},"end":{"line":29,"column":26}},{"start":{"line":29,"column":2},"end":{"line":29,"column":26}}],"line":29},"4":{"loc":{"start":{"line":31,"column":4},"end":{"line":43,"column":21}},"type":"if","locations":[{"start":{"line":31,"column":4},"end":{"line":43,"column":21}},{"start":{"line":31,"column":4},"end":{"line":43,"column":21}}],"line":31},"5":{"loc":{"start":{"line":33,"column":11},"end":{"line":43,"column":21}},"type":"if","locations":[{"start":{"line":33,"column":11},"end":{"line":43,"column":21}},{"start":{"line":33,"column":11},"end":{"line":43,"column":21}}],"line":33},"6":{"loc":{"start":{"line":33,"column":15},"end":{"line":33,"column":67}},"type":"binary-expr","locations":[{"start":{"line":33,"column":15},"end":{"line":33,"column":39}},{"start":{"line":33,"column":43},"end":{"line":33,"column":67}}],"line":33},"7":{"loc":{"start":{"line":35,"column":11},"end":{"line":43,"column":21}},"type":"if","locations":[{"start":{"line":35,"column":11},"end":{"line":43,"column":21}},{"start":{"line":35,"column":11},"end":{"line":43,"column":21}}],"line":35},"8":{"loc":{"start":{"line":37,"column":11},"end":{"line":43,"column":21}},"type":"if","locations":[{"start":{"line":37,"column":11},"end":{"line":43,"column":21}},{"start":{"line":37,"column":11},"end":{"line":43,"column":21}}],"line":37},"9":{"loc":{"start":{"line":39,"column":11},"end":{"line":43,"column":21}},"type":"if","locations":[{"start":{"line":39,"column":11},"end":{"line":43,"column":21}},{"start":{"line":39,"column":11},"end":{"line":43,"column":21}}],"line":39},"10":{"loc":{"start":{"line":41,"column":11},"end":{"line":43,"column":21}},"type":"if","locations":[{"start":{"line":41,"column":11},"end":{"line":43,"column":21}},{"start":{"line":41,"column":11},"end":{"line":43,"column":21}}],"line":41},"11":{"loc":{"start":{"line":49,"column":2},"end":{"line":65,"column":17}},"type":"if","locations":[{"start":{"line":49,"column":2},"end":{"line":65,"column":17}},{"start":{"line":49,"column":2},"end":{"line":65,"column":17}}],"line":49},"12":{"loc":{"start":{"line":51,"column":9},"end":{"line":65,"column":17}},"type":"if","locations":[{"start":{"line":51,"column":9},"end":{"line":65,"column":17}},{"start":{"line":51,"column":9},"end":{"line":65,"column":17}}],"line":51},"13":{"loc":{"start":{"line":52,"column":4},"end":{"line":56,"column":5}},"type":"if","locations":[{"start":{"line":52,"column":4},"end":{"line":56,"column":5}},{"start":{"line":52,"column":4},"end":{"line":56,"column":5}}],"line":52},"14":{"loc":{"start":{"line":57,"column":9},"end":{"line":65,"column":17}},"type":"if","locations":[{"start":{"line":57,"column":9},"end":{"line":65,"column":17}},{"start":{"line":57,"column":9},"end":{"line":65,"column":17}}],"line":57},"15":{"loc":{"start":{"line":59,"column":9},"end":{"line":65,"column":17}},"type":"if","locations":[{"start":{"line":59,"column":9},"end":{"line":65,"column":17}},{"start":{"line":59,"column":9},"end":{"line":65,"column":17}}],"line":59},"16":{"loc":{"start":{"line":59,"column":12},"end":{"line":59,"column":62}},"type":"binary-expr","locations":[{"start":{"line":59,"column":12},"end":{"line":59,"column":35}},{"start":{"line":59,"column":39},"end":{"line":59,"column":62}}],"line":59},"17":{"loc":{"start":{"line":61,"column":9},"end":{"line":65,"column":17}},"type":"if","locations":[{"start":{"line":61,"column":9},"end":{"line":65,"column":17}},{"start":{"line":61,"column":9},"end":{"line":65,"column":17}}],"line":61},"18":{"loc":{"start":{"line":63,"column":9},"end":{"line":65,"column":17}},"type":"if","locations":[{"start":{"line":63,"column":9},"end":{"line":65,"column":17}},{"start":{"line":63,"column":9},"end":{"line":65,"column":17}}],"line":63}},"s":{"0":1,"1":0,"2":0,"3":0,"4":1,"5":12,"6":12,"7":12,"8":12,"9":12,"10":12,"11":0,"12":12,"13":6,"14":0,"15":6,"16":12,"17":0,"18":12,"19":8,"20":0,"21":8,"22":6,"23":2,"24":0,"25":0,"26":2,"27":0,"28":2,"29":2,"30":0,"31":0,"32":0,"33":12,"34":12,"35":0,"36":12,"37":12,"38":0,"39":12,"40":0,"41":0,"42":0,"43":0,"44":0,"45":0,"46":0,"47":0,"48":0,"49":0},"f":{"0":0,"1":12,"2":12,"3":6,"4":12,"5":8,"6":0,"7":12,"8":0},"b":{"0":[0,12],"1":[0,6],"2":[6,0],"3":[0,12],"4":[0,8],"5":[6,2],"6":[8,2],"7":[0,2],"8":[0,2],"9":[2,0],"10":[0,0],"11":[0,12],"12":[12,0],"13":[0,12],"14":[0,0],"15":[0,0],"16":[0,0],"17":[0,0],"18":[0,0]},"_coverageSchema":"43e27e138ebf9cfc5966b082cf9a028302ed4184","hash":"53aecea8dbb5e0164b5b57c2a757b2e683266e45"}
}
