TN:
SF:/home/5alidz/dev/projects/active/nano_spa/default.404.js
FN:3,(anonymous_0)
FNF:1
FNH:1
FNDA:1,(anonymous_0)
DA:3,1
LF:1
LH:1
BRF:0
BRH:0
end_of_record
TN:
SF:/home/5alidz/dev/projects/active/nano_spa/default.spinner.js
FN:3,(anonymous_0)
FNF:1
FNH:1
FNDA:1,(anonymous_0)
DA:3,1
LF:1
LH:1
BRF:0
BRH:0
end_of_record
TN:
SF:/home/5alidz/dev/projects/active/nano_spa/handlers.Box.js
FN:3,(anonymous_0)
FN:11,(anonymous_1)
FNF:2
FNH:2
FNDA:5,(anonymous_0)
FNDA:6,(anonymous_1)
DA:4,5
DA:5,5
DA:6,2
DA:8,3
DA:9,3
DA:11,5
DA:12,6
DA:13,0
DA:15,6
DA:18,5
DA:19,5
DA:20,5
DA:21,5
LF:13
LH:12
BRDA:5,0,0,2
BRDA:5,0,1,3
BRDA:12,1,0,0
BRDA:12,1,1,6
BRDA:19,2,0,0
BRDA:19,2,1,5
BRDA:19,3,0,0
BRDA:19,3,1,0
BRDA:20,4,0,3
BRDA:20,4,1,2
BRF:10
BRH:6
end_of_record
TN:
SF:/home/5alidz/dev/projects/active/nano_spa/internal.global.js
FN:1,noop
FNF:1
FNH:0
FNDA:0,noop
LF:0
LH:0
BRF:0
BRH:0
end_of_record
TN:
SF:/home/5alidz/dev/projects/active/nano_spa/lib.htm.min.js
FN:1,(anonymous_0)
FN:1,(anonymous_1)
FN:1,(anonymous_2)
FN:1,(anonymous_3)
FN:1,(anonymous_4)
FN:1,(anonymous_5)
FNF:6
FNH:5
FNDA:4,(anonymous_0)
FNDA:2,(anonymous_1)
FNDA:13,(anonymous_2)
FNDA:2,(anonymous_3)
FNDA:0,(anonymous_4)
FNDA:2,(anonymous_5)
DA:1,50
LF:1
LH:1
BRDA:1,0,0,0
BRDA:1,0,1,7
BRDA:1,1,0,2
BRDA:1,1,1,5
BRDA:1,2,0,1
BRDA:1,2,1,4
BRDA:1,3,0,1
BRDA:1,3,1,1
BRDA:1,4,0,0
BRDA:1,4,1,4
BRDA:1,5,0,0
BRDA:1,5,1,0
BRDA:1,6,0,2
BRDA:1,6,1,2
BRDA:1,7,0,2
BRDA:1,7,1,11
BRDA:1,8,0,13
BRDA:1,8,1,6
BRDA:1,8,2,6
BRDA:1,9,0,2
BRDA:1,9,1,2
BRDA:1,10,0,2
BRDA:1,10,1,9
BRDA:1,11,0,11
BRDA:1,11,1,4
BRDA:1,11,2,4
BRDA:1,12,0,2
BRDA:1,12,1,2
BRDA:1,13,0,0
BRDA:1,13,1,9
BRDA:1,14,0,9
BRDA:1,14,1,0
BRDA:1,14,2,0
BRDA:1,15,0,0
BRDA:1,15,1,9
BRDA:1,16,0,9
BRDA:1,16,1,0
BRDA:1,16,2,0
BRDA:1,17,0,9
BRDA:1,17,1,1
BRDA:1,17,2,1
BRDA:1,18,0,1
BRDA:1,18,1,1
BRDA:1,19,0,2
BRDA:1,19,1,0
BRDA:1,20,0,0
BRDA:1,20,1,0
BRDA:1,21,0,10
BRDA:1,21,1,40
BRDA:1,22,0,4
BRDA:1,22,1,6
BRDA:1,23,0,20
BRDA:1,23,1,20
BRDA:1,24,0,1
BRDA:1,24,1,19
BRDA:1,25,0,1
BRDA:1,25,1,19
BRDA:1,26,0,20
BRDA:1,26,1,20
BRDA:1,27,0,4
BRDA:1,27,1,15
BRDA:1,28,0,15
BRDA:1,28,1,12
BRDA:1,29,0,1
BRDA:1,29,1,11
BRDA:1,30,0,2
BRDA:1,30,1,9
BRDA:1,31,0,2
BRDA:1,31,1,2
BRDA:1,32,0,1
BRDA:1,32,1,8
BRDA:1,33,0,9
BRDA:1,33,1,8
BRDA:1,33,2,8
BRDA:1,33,3,8
BRDA:1,34,0,2
BRDA:1,34,1,0
BRDA:1,35,0,2
BRDA:1,35,1,0
BRDA:1,36,0,2
BRDA:1,36,1,2
BRDA:1,37,0,0
BRDA:1,37,1,0
BRDA:1,38,0,0
BRDA:1,38,1,2
BRF:85
BRH:67
end_of_record
TN:
SF:/home/5alidz/dev/projects/active/nano_spa/render.js
FN:3,(anonymous_0)
FN:3,(anonymous_1)
FN:5,render
FN:9,handle_custom_element
FNF:4
FNH:3
FNDA:1,(anonymous_0)
FNDA:1,(anonymous_1)
FNDA:2,render
FNDA:0,handle_custom_element
DA:3,2
DA:6,2
DA:7,2
DA:8,2
DA:10,0
DA:11,0
DA:12,0
DA:13,0
DA:15,0
DA:22,2
DA:23,2
LF:11
LH:6
BRDA:7,0,0,2
BRDA:7,0,1,1
BRDA:11,1,0,0
BRDA:11,1,1,0
BRDA:12,2,0,0
BRDA:12,2,1,0
BRDA:22,3,0,1
BRDA:22,3,1,1
BRDA:23,4,0,0
BRDA:23,4,1,2
BRF:10
BRH:5
end_of_record
TN:
SF:/home/5alidz/dev/projects/active/nano_spa/to_dom.js
FN:3,(anonymous_0)
FN:9,(anonymous_1)
FN:17,handle_props
FN:19,(anonymous_3)
FN:28,handle_children
FN:30,(anonymous_5)
FN:36,(anonymous_6)
FN:47,to_dom
FN:58,(anonymous_8)
FNF:9
FNH:6
FNDA:0,(anonymous_0)
FNDA:12,(anonymous_1)
FNDA:12,handle_props
FNDA:6,(anonymous_3)
FNDA:12,handle_children
FNDA:8,(anonymous_5)
FNDA:0,(anonymous_6)
FNDA:12,to_dom
FNDA:0,(anonymous_8)
DA:3,1
DA:4,0
DA:5,0
DA:6,0
DA:9,1
DA:10,12
DA:11,12
DA:12,12
DA:13,12
DA:14,12
DA:18,12
DA:19,12
DA:20,6
DA:21,0
DA:23,6
DA:29,12
DA:30,12
DA:31,8
DA:32,0
DA:33,8
DA:34,6
DA:35,2
DA:36,0
DA:37,2
DA:38,0
DA:39,2
DA:40,2
DA:41,0
DA:42,0
DA:43,0
DA:48,12
DA:49,12
DA:50,0
DA:51,12
DA:52,12
DA:53,0
DA:55,12
DA:57,0
DA:58,0
DA:59,0
DA:60,0
DA:61,0
DA:62,0
DA:63,0
DA:64,0
DA:65,0
LF:46
LH:25
BRDA:18,0,0,0
BRDA:18,0,1,12
BRDA:20,1,0,0
BRDA:20,1,1,6
BRDA:20,2,0,6
BRDA:20,2,1,0
BRDA:29,3,0,0
BRDA:29,3,1,12
BRDA:31,4,0,0
BRDA:31,4,1,8
BRDA:33,5,0,6
BRDA:33,5,1,2
BRDA:33,6,0,8
BRDA:33,6,1,2
BRDA:35,7,0,0
BRDA:35,7,1,2
BRDA:37,8,0,0
BRDA:37,8,1,2
BRDA:39,9,0,2
BRDA:39,9,1,0
BRDA:41,10,0,0
BRDA:41,10,1,0
BRDA:49,11,0,0
BRDA:49,11,1,12
BRDA:51,12,0,12
BRDA:51,12,1,0
BRDA:52,13,0,0
BRDA:52,13,1,12
BRDA:57,14,0,0
BRDA:57,14,1,0
BRDA:59,15,0,0
BRDA:59,15,1,0
BRDA:59,16,0,0
BRDA:59,16,1,0
BRDA:61,17,0,0
BRDA:61,17,1,0
BRDA:63,18,0,0
BRDA:63,18,1,0
BRF:38
BRH:15
end_of_record
